<?xml version="1.0" encoding="UTF-8"?>
<!-- Generated by org.testng.reporters.JUnitReportReporter -->
<testsuite skipped="0" hostname="VKOLAKUR-IN" name="DemoTestCase" tests="2" failures="0" timestamp="2021-08-21T09:29:21 IST" time="0.012" errors="0">
  <testcase name="print1" time="0.012" classname="DemoTestCase"/>
  <system-out/>
  <testcase name="print2" time="0.000" classname="DemoTestCase"/>
  <system-out/>
</testsuite> <!-- DemoTestCase -->
